
PLAY [Provision AWS infrastructure for Ceph 9] *********************************

TASK [aws_infra : Ensure prerequisites are on the controller] ******************
ok: [localhost]

TASK [aws_infra : Resolve admin CIDR (optional auto-detect)] *******************
ok: [localhost]

TASK [aws_infra : Apply auto-detected admin CIDR] ******************************
ok: [localhost]

TASK [aws_infra : Check if EC2 keypair already exists] *************************
ok: [localhost]

TASK [aws_infra : Create EC2 keypair and save private key locally] *************
skipping: [localhost]

TASK [aws_infra : Look up VPC by Name tag] *************************************
ok: [localhost]

TASK [aws_infra : Create VPC if not present] ***********************************
skipping: [localhost]

TASK [aws_infra : Set vpc_id fact] *********************************************
ok: [localhost]

TASK [aws_infra : Show vpc_id] *************************************************
ok: [localhost] => {
    "vpc_id": "vpc-0b283edf149bfb955"
}

TASK [aws_infra : Look up public subnet] ***************************************
ok: [localhost]

TASK [aws_infra : Create public subnet if not present] *************************
skipping: [localhost]

TASK [aws_infra : Set public subnet fact] **************************************
ok: [localhost]

TASK [aws_infra : Look up private subnet] **************************************
ok: [localhost]

TASK [aws_infra : Create private subnet if not present] ************************
skipping: [localhost]

TASK [aws_infra : Set private subnet fact] *************************************
ok: [localhost]

TASK [aws_infra : Look up IGW] *************************************************
ok: [localhost]

TASK [aws_infra : Create + attach IGW] *****************************************
skipping: [localhost]

TASK [aws_infra : Set igw_id fact] *********************************************
ok: [localhost]

TASK [aws_infra : Look up public route table] **********************************
ok: [localhost]

TASK [aws_infra : Create public route table + route + association] *************
skipping: [localhost]

TASK [aws_infra : Look up NAT GW elastic IP] ***********************************
ok: [localhost]

TASK [aws_infra : Allocate NAT EIP] ********************************************
skipping: [localhost]

TASK [aws_infra : Set EIP allocation fact] *************************************
ok: [localhost]

TASK [aws_infra : Look up NAT gateway] *****************************************
ok: [localhost]

TASK [aws_infra : Create NAT gateway] ******************************************
skipping: [localhost]

TASK [aws_infra : Set NAT GW fact] *********************************************
ok: [localhost]

TASK [aws_infra : Look up private route table] *********************************
ok: [localhost]

TASK [aws_infra : Create private route table + NAT route + association] ********
skipping: [localhost]

TASK [aws_infra : Look up security group] **************************************
ok: [localhost]

TASK [aws_infra : Create SG + ingress rules] ***********************************
skipping: [localhost]

TASK [aws_infra : Set SG fact] *************************************************
ok: [localhost]

TASK [aws_infra : Cluster placement group (idempotent)] ************************
ok: [localhost]

TASK [aws_infra : Discover latest RHEL 9 AMI when not pinned] ******************
ok: [localhost]

TASK [aws_infra : Set effective AMI id] ****************************************
ok: [localhost]

TASK [aws_infra : Show effective AMI] ******************************************
ok: [localhost] => {
    "effective_ami": "ami-0b1245d853f6f319a"
}

TASK [aws_infra : Look up bastion] *********************************************
ok: [localhost]

TASK [aws_infra : Launch bastion] **********************************************
skipping: [localhost]

TASK [aws_infra : Set bastion fact] ********************************************
ok: [localhost]

TASK [aws_infra : Build OSD device hint list] **********************************
ok: [localhost]

TASK [aws_infra : Look up existing ceph nodes] *********************************
ok: [localhost] => (item={'name': 'ceph01', 'ip': '10.20.2.11', 'labels': ['_admin', 'mon', 'mgr', 'osd', 'mds']})
ok: [localhost] => (item={'name': 'ceph02', 'ip': '10.20.2.12', 'labels': ['mon', 'mgr', 'osd', 'rgw']})
ok: [localhost] => (item={'name': 'ceph03', 'ip': '10.20.2.13', 'labels': ['mon', 'osd', 'rgw', 'nfs']})
ok: [localhost] => (item={'name': 'ceph04', 'ip': '10.20.2.14', 'labels': ['osd', 'mds']})

TASK [aws_infra : Launch missing ceph nodes] ***********************************
skipping: [localhost] => (item=ceph01) 
skipping: [localhost] => (item=ceph02) 
skipping: [localhost] => (item=ceph03) 
skipping: [localhost] => (item=ceph04) 
skipping: [localhost]

TASK [aws_infra : Wait for all instances to be running] ************************
ok: [localhost]

TASK [aws_infra : Read bastion details] ****************************************
ok: [localhost]

TASK [aws_infra : Set bastion public IP fact] **********************************
ok: [localhost]

TASK [aws_infra : Show bastion public IP] **************************************
ok: [localhost] => {
    "msg": "Bastion i-0ea79ff345fcbfd9b  public_ip=18.191.44.152"
}

TASK [aws_infra : Update Route 53 records (if zone vars set)] ******************
skipping: [localhost]

TASK [aws_infra : add_host bastion (public)] ***********************************
ok: [localhost]

TASK [aws_infra : add_host ceph nodes via bastion] *****************************
ok: [localhost] => (item=ceph01)
ok: [localhost] => (item=ceph02)
ok: [localhost] => (item=ceph03)
ok: [localhost] => (item=ceph04)

TASK [aws_infra : Wait for SSH on bastion] *************************************
ok: [localhost]

TASK [aws_infra : Save provisioning summary] ***********************************
ok: [localhost]

PLAY RECAP *********************************************************************
localhost                  : ok=37   changed=0    unreachable=0    failed=0    skipped=13   rescued=0    ignored=0   


PLAY [Bootstrap ceph cluster on the admin node] ********************************

TASK [cephadm_bootstrap : Skip unless on admin] ********************************
skipping: [ceph01]

TASK [cephadm_bootstrap : Write registry-login JSON] ***************************
changed: [ceph01]

TASK [cephadm_bootstrap : Determine if cluster already bootstrapped] ***********
ok: [ceph01]

TASK [cephadm_bootstrap : cephadm bootstrap] ***********************************
changed: [ceph01]

TASK [cephadm_bootstrap : Fetch /etc/ceph/ceph.pub (cluster's SSH pubkey)] *****
ok: [ceph01]

TASK [cephadm_bootstrap : Set ceph.pub as a fact] ******************************
ok: [ceph01]

PLAY RECAP *********************************************************************
ceph01                     : ok=5    changed=2    unreachable=0    failed=0    skipped=0    rescued=0    ignored=0   
localhost                  : ok=37   changed=0    unreachable=0    failed=0    skipped=13   rescued=0    ignored=0   


PLAY [Distribute cluster pubkey + add hosts + labels + OSDs] *******************

TASK [ceph_cluster : Push /etc/ceph/ceph.pub into ec2-user's authorized_keys on every ceph node] ***
ok: [ceph01]
changed: [ceph02]
changed: [ceph03]
changed: [ceph04]

TASK [ceph_cluster : Add ceph02-04 to the cluster] *****************************
skipping: [ceph02] => (item={'name': 'ceph02', 'ip': '10.20.2.12', 'labels': ['mon', 'mgr', 'osd', 'rgw']}) 
skipping: [ceph02] => (item={'name': 'ceph03', 'ip': '10.20.2.13', 'labels': ['mon', 'osd', 'rgw', 'nfs']}) 
skipping: [ceph02] => (item={'name': 'ceph04', 'ip': '10.20.2.14', 'labels': ['osd', 'mds']}) 
skipping: [ceph03] => (item={'name': 'ceph02', 'ip': '10.20.2.12', 'labels': ['mon', 'mgr', 'osd', 'rgw']}) 
skipping: [ceph02]
skipping: [ceph03] => (item={'name': 'ceph03', 'ip': '10.20.2.13', 'labels': ['mon', 'osd', 'rgw', 'nfs']}) 
skipping: [ceph03] => (item={'name': 'ceph04', 'ip': '10.20.2.14', 'labels': ['osd', 'mds']}) 
skipping: [ceph03]
skipping: [ceph04] => (item={'name': 'ceph02', 'ip': '10.20.2.12', 'labels': ['mon', 'mgr', 'osd', 'rgw']}) 
skipping: [ceph04] => (item={'name': 'ceph03', 'ip': '10.20.2.13', 'labels': ['mon', 'osd', 'rgw', 'nfs']}) 
skipping: [ceph04] => (item={'name': 'ceph04', 'ip': '10.20.2.14', 'labels': ['osd', 'mds']}) 
skipping: [ceph04]
changed: [ceph01] => (item={'name': 'ceph02', 'ip': '10.20.2.12', 'labels': ['mon', 'mgr', 'osd', 'rgw']})
changed: [ceph01] => (item={'name': 'ceph03', 'ip': '10.20.2.13', 'labels': ['mon', 'osd', 'rgw', 'nfs']})
changed: [ceph01] => (item={'name': 'ceph04', 'ip': '10.20.2.14', 'labels': ['osd', 'mds']})

TASK [ceph_cluster : Apply host labels] ****************************************
skipping: [ceph02] => (item=[{'name': 'ceph01', 'ip': '10.20.2.11', 'labels': ['_admin', 'mon', 'mgr', 'osd', 'mds']}, '_admin']) 
skipping: [ceph02] => (item=[{'name': 'ceph01', 'ip': '10.20.2.11', 'labels': ['_admin', 'mon', 'mgr', 'osd', 'mds']}, 'mon']) 
skipping: [ceph02] => (item=[{'name': 'ceph01', 'ip': '10.20.2.11', 'labels': ['_admin', 'mon', 'mgr', 'osd', 'mds']}, 'mgr']) 
skipping: [ceph02] => (item=[{'name': 'ceph01', 'ip': '10.20.2.11', 'labels': ['_admin', 'mon', 'mgr', 'osd', 'mds']}, 'osd']) 
skipping: [ceph02] => (item=[{'name': 'ceph01', 'ip': '10.20.2.11', 'labels': ['_admin', 'mon', 'mgr', 'osd', 'mds']}, 'mds']) 
skipping: [ceph02] => (item=[{'name': 'ceph02', 'ip': '10.20.2.12', 'labels': ['mon', 'mgr', 'osd', 'rgw']}, 'mon']) 
skipping: [ceph03] => (item=[{'name': 'ceph01', 'ip': '10.20.2.11', 'labels': ['_admin', 'mon', 'mgr', 'osd', 'mds']}, '_admin']) 
skipping: [ceph02] => (item=[{'name': 'ceph02', 'ip': '10.20.2.12', 'labels': ['mon', 'mgr', 'osd', 'rgw']}, 'mgr']) 
skipping: [ceph03] => (item=[{'name': 'ceph01', 'ip': '10.20.2.11', 'labels': ['_admin', 'mon', 'mgr', 'osd', 'mds']}, 'mon']) 
skipping: [ceph02] => (item=[{'name': 'ceph02', 'ip': '10.20.2.12', 'labels': ['mon', 'mgr', 'osd', 'rgw']}, 'osd']) 
skipping: [ceph03] => (item=[{'name': 'ceph01', 'ip': '10.20.2.11', 'labels': ['_admin', 'mon', 'mgr', 'osd', 'mds']}, 'mgr']) 
skipping: [ceph02] => (item=[{'name': 'ceph02', 'ip': '10.20.2.12', 'labels': ['mon', 'mgr', 'osd', 'rgw']}, 'rgw']) 
skipping: [ceph03] => (item=[{'name': 'ceph01', 'ip': '10.20.2.11', 'labels': ['_admin', 'mon', 'mgr', 'osd', 'mds']}, 'osd']) 
skipping: [ceph02] => (item=[{'name': 'ceph03', 'ip': '10.20.2.13', 'labels': ['mon', 'osd', 'rgw', 'nfs']}, 'mon']) 
skipping: [ceph03] => (item=[{'name': 'ceph01', 'ip': '10.20.2.11', 'labels': ['_admin', 'mon', 'mgr', 'osd', 'mds']}, 'mds']) 
skipping: [ceph02] => (item=[{'name': 'ceph03', 'ip': '10.20.2.13', 'labels': ['mon', 'osd', 'rgw', 'nfs']}, 'osd']) 
skipping: [ceph03] => (item=[{'name': 'ceph02', 'ip': '10.20.2.12', 'labels': ['mon', 'mgr', 'osd', 'rgw']}, 'mon']) 
skipping: [ceph02] => (item=[{'name': 'ceph03', 'ip': '10.20.2.13', 'labels': ['mon', 'osd', 'rgw', 'nfs']}, 'rgw']) 
skipping: [ceph03] => (item=[{'name': 'ceph02', 'ip': '10.20.2.12', 'labels': ['mon', 'mgr', 'osd', 'rgw']}, 'mgr']) 
skipping: [ceph02] => (item=[{'name': 'ceph03', 'ip': '10.20.2.13', 'labels': ['mon', 'osd', 'rgw', 'nfs']}, 'nfs']) 
skipping: [ceph04] => (item=[{'name': 'ceph01', 'ip': '10.20.2.11', 'labels': ['_admin', 'mon', 'mgr', 'osd', 'mds']}, '_admin']) 
skipping: [ceph03] => (item=[{'name': 'ceph02', 'ip': '10.20.2.12', 'labels': ['mon', 'mgr', 'osd', 'rgw']}, 'osd']) 
skipping: [ceph02] => (item=[{'name': 'ceph04', 'ip': '10.20.2.14', 'labels': ['osd', 'mds']}, 'osd']) 
skipping: [ceph03] => (item=[{'name': 'ceph02', 'ip': '10.20.2.12', 'labels': ['mon', 'mgr', 'osd', 'rgw']}, 'rgw']) 
skipping: [ceph04] => (item=[{'name': 'ceph01', 'ip': '10.20.2.11', 'labels': ['_admin', 'mon', 'mgr', 'osd', 'mds']}, 'mon']) 
skipping: [ceph02] => (item=[{'name': 'ceph04', 'ip': '10.20.2.14', 'labels': ['osd', 'mds']}, 'mds']) 
skipping: [ceph03] => (item=[{'name': 'ceph03', 'ip': '10.20.2.13', 'labels': ['mon', 'osd', 'rgw', 'nfs']}, 'mon']) 
skipping: [ceph04] => (item=[{'name': 'ceph01', 'ip': '10.20.2.11', 'labels': ['_admin', 'mon', 'mgr', 'osd', 'mds']}, 'mgr']) 
skipping: [ceph02]
skipping: [ceph03] => (item=[{'name': 'ceph03', 'ip': '10.20.2.13', 'labels': ['mon', 'osd', 'rgw', 'nfs']}, 'osd']) 
skipping: [ceph04] => (item=[{'name': 'ceph01', 'ip': '10.20.2.11', 'labels': ['_admin', 'mon', 'mgr', 'osd', 'mds']}, 'osd']) 
skipping: [ceph03] => (item=[{'name': 'ceph03', 'ip': '10.20.2.13', 'labels': ['mon', 'osd', 'rgw', 'nfs']}, 'rgw']) 
skipping: [ceph04] => (item=[{'name': 'ceph01', 'ip': '10.20.2.11', 'labels': ['_admin', 'mon', 'mgr', 'osd', 'mds']}, 'mds']) 
skipping: [ceph03] => (item=[{'name': 'ceph03', 'ip': '10.20.2.13', 'labels': ['mon', 'osd', 'rgw', 'nfs']}, 'nfs']) 
skipping: [ceph04] => (item=[{'name': 'ceph02', 'ip': '10.20.2.12', 'labels': ['mon', 'mgr', 'osd', 'rgw']}, 'mon']) 
skipping: [ceph03] => (item=[{'name': 'ceph04', 'ip': '10.20.2.14', 'labels': ['osd', 'mds']}, 'osd']) 
skipping: [ceph04] => (item=[{'name': 'ceph02', 'ip': '10.20.2.12', 'labels': ['mon', 'mgr', 'osd', 'rgw']}, 'mgr']) 
skipping: [ceph03] => (item=[{'name': 'ceph04', 'ip': '10.20.2.14', 'labels': ['osd', 'mds']}, 'mds']) 
skipping: [ceph03]
skipping: [ceph04] => (item=[{'name': 'ceph02', 'ip': '10.20.2.12', 'labels': ['mon', 'mgr', 'osd', 'rgw']}, 'osd']) 
skipping: [ceph04] => (item=[{'name': 'ceph02', 'ip': '10.20.2.12', 'labels': ['mon', 'mgr', 'osd', 'rgw']}, 'rgw']) 
skipping: [ceph04] => (item=[{'name': 'ceph03', 'ip': '10.20.2.13', 'labels': ['mon', 'osd', 'rgw', 'nfs']}, 'mon']) 
skipping: [ceph04] => (item=[{'name': 'ceph03', 'ip': '10.20.2.13', 'labels': ['mon', 'osd', 'rgw', 'nfs']}, 'osd']) 
skipping: [ceph04] => (item=[{'name': 'ceph03', 'ip': '10.20.2.13', 'labels': ['mon', 'osd', 'rgw', 'nfs']}, 'rgw']) 
skipping: [ceph04] => (item=[{'name': 'ceph03', 'ip': '10.20.2.13', 'labels': ['mon', 'osd', 'rgw', 'nfs']}, 'nfs']) 
skipping: [ceph04] => (item=[{'name': 'ceph04', 'ip': '10.20.2.14', 'labels': ['osd', 'mds']}, 'osd']) 
skipping: [ceph04] => (item=[{'name': 'ceph04', 'ip': '10.20.2.14', 'labels': ['osd', 'mds']}, 'mds']) 
skipping: [ceph04]
changed: [ceph01] => (item=[{'name': 'ceph01', 'ip': '10.20.2.11', 'labels': ['_admin', 'mon', 'mgr', 'osd', 'mds']}, '_admin'])
changed: [ceph01] => (item=[{'name': 'ceph01', 'ip': '10.20.2.11', 'labels': ['_admin', 'mon', 'mgr', 'osd', 'mds']}, 'mon'])
changed: [ceph01] => (item=[{'name': 'ceph01', 'ip': '10.20.2.11', 'labels': ['_admin', 'mon', 'mgr', 'osd', 'mds']}, 'mgr'])
changed: [ceph01] => (item=[{'name': 'ceph01', 'ip': '10.20.2.11', 'labels': ['_admin', 'mon', 'mgr', 'osd', 'mds']}, 'osd'])
changed: [ceph01] => (item=[{'name': 'ceph01', 'ip': '10.20.2.11', 'labels': ['_admin', 'mon', 'mgr', 'osd', 'mds']}, 'mds'])
changed: [ceph01] => (item=[{'name': 'ceph02', 'ip': '10.20.2.12', 'labels': ['mon', 'mgr', 'osd', 'rgw']}, 'mon'])
changed: [ceph01] => (item=[{'name': 'ceph02', 'ip': '10.20.2.12', 'labels': ['mon', 'mgr', 'osd', 'rgw']}, 'mgr'])
changed: [ceph01] => (item=[{'name': 'ceph02', 'ip': '10.20.2.12', 'labels': ['mon', 'mgr', 'osd', 'rgw']}, 'osd'])
changed: [ceph01] => (item=[{'name': 'ceph02', 'ip': '10.20.2.12', 'labels': ['mon', 'mgr', 'osd', 'rgw']}, 'rgw'])
changed: [ceph01] => (item=[{'name': 'ceph03', 'ip': '10.20.2.13', 'labels': ['mon', 'osd', 'rgw', 'nfs']}, 'mon'])
changed: [ceph01] => (item=[{'name': 'ceph03', 'ip': '10.20.2.13', 'labels': ['mon', 'osd', 'rgw', 'nfs']}, 'osd'])
changed: [ceph01] => (item=[{'name': 'ceph03', 'ip': '10.20.2.13', 'labels': ['mon', 'osd', 'rgw', 'nfs']}, 'rgw'])
changed: [ceph01] => (item=[{'name': 'ceph03', 'ip': '10.20.2.13', 'labels': ['mon', 'osd', 'rgw', 'nfs']}, 'nfs'])
changed: [ceph01] => (item=[{'name': 'ceph04', 'ip': '10.20.2.14', 'labels': ['osd', 'mds']}, 'osd'])
changed: [ceph01] => (item=[{'name': 'ceph04', 'ip': '10.20.2.14', 'labels': ['osd', 'mds']}, 'mds'])

TASK [ceph_cluster : Pin MON placement] ****************************************
skipping: [ceph02]
skipping: [ceph03]
skipping: [ceph04]
ok: [ceph01]

TASK [ceph_cluster : Pin MGR placement] ****************************************
skipping: [ceph02]
skipping: [ceph03]
skipping: [ceph04]
ok: [ceph01]

TASK [ceph_cluster : Deploy OSDs on every available device] ********************
skipping: [ceph02]
skipping: [ceph03]
skipping: [ceph04]
ok: [ceph01]

TASK [ceph_cluster : Wait for all OSDs to come up] *****************************
skipping: [ceph02]
skipping: [ceph03]
skipping: [ceph04]
FAILED - RETRYING: [ceph01]: Wait for all OSDs to come up (40 retries left).
FAILED - RETRYING: [ceph01]: Wait for all OSDs to come up (39 retries left).
FAILED - RETRYING: [ceph01]: Wait for all OSDs to come up (38 retries left).
ok: [ceph01]

PLAY RECAP *********************************************************************
ceph01                     : ok=12   changed=4    unreachable=0    failed=0    skipped=0    rescued=0    ignored=0   
ceph02                     : ok=1    changed=1    unreachable=0    failed=0    skipped=6    rescued=0    ignored=0   
ceph03                     : ok=1    changed=1    unreachable=0    failed=0    skipped=6    rescued=0    ignored=0   
ceph04                     : ok=1    changed=1    unreachable=0    failed=0    skipped=6    rescued=0    ignored=0   
localhost                  : ok=37   changed=0    unreachable=0    failed=0    skipped=13   rescued=0    ignored=0   


PLAY [Deploy CephFS, RGW, NFS, RBD pool] ***************************************

TASK [ceph_services : Ensure jq is available (used by smoke tests)] ************
ok: [ceph01]

TASK [ceph_services : RBD pool (create if missing)] ****************************
changed: [ceph01]

TASK [ceph_services : CephFS volume (create if missing)] ***********************
changed: [ceph01]

TASK [ceph_services : RGW service (apply spec is idempotent)] ******************
ok: [ceph01]

TASK [ceph_services : NFS cluster (create if missing)] *************************
changed: [ceph01]

TASK [ceph_services : Wait for NFS cluster to be running] **********************
FAILED - RETRYING: [ceph01]: Wait for NFS cluster to be running (30 retries left).
FAILED - RETRYING: [ceph01]: Wait for NFS cluster to be running (29 retries left).
ok: [ceph01]

TASK [ceph_services : NFS export for CephFS (create if missing)] ***************
changed: [ceph01]

TASK [ceph_services : Wait for HEALTH_OK] **************************************
ok: [ceph01]

PLAY RECAP *********************************************************************
ceph01                     : ok=20   changed=8    unreachable=0    failed=0    skipped=0    rescued=0    ignored=0   
ceph02                     : ok=1    changed=1    unreachable=0    failed=0    skipped=6    rescued=0    ignored=0   
ceph03                     : ok=1    changed=1    unreachable=0    failed=0    skipped=6    rescued=0    ignored=0   
ceph04                     : ok=1    changed=1    unreachable=0    failed=0    skipped=6    rescued=0    ignored=0   
localhost                  : ok=37   changed=0    unreachable=0    failed=0    skipped=13   rescued=0    ignored=0   


PLAY [Run RBD / CephFS / NFS / S3 smoke tests] *********************************

TASK [smoke_tests : --- RBD smoke ---] *****************************************
ok: [ceph01]

TASK [smoke_tests : --- CephFS smoke ---] **************************************
ok: [ceph01]

TASK [smoke_tests : --- NFS smoke ---] *****************************************
ok: [ceph01]

TASK [smoke_tests : S3 smoke - ensure awscli is installed] *********************
ok: [ceph01]

TASK [smoke_tests : S3 smoke - ensure labuser exists and fetch credentials] ****
ok: [ceph01]

TASK [smoke_tests : S3 smoke - upload list download] ***************************
ok: [ceph01]

TASK [smoke_tests : --- Final ceph -s ---] *************************************
ok: [ceph01]

TASK [smoke_tests : ansible.builtin.debug] *************************************
ok: [ceph01] => {
    "msg": [
        "  cluster:",
        "    id:     cef164e8-6c01-11f1-a419-021979e4c969",
        "    health: HEALTH_OK",
        " ",
        "  services:",
        "    mon: 3 daemons, quorum ceph01,ceph03,ceph02 (age 2m) [leader: ceph01]",
        "    mgr: ceph01.altrfs(active, since 4m), standbys: ceph02.hkhwgi",
        "    mds: 1/1 daemons up, 1 standby",
        "    osd: 8 osds: 8 up (since 2m), 8 in (since 2m)",
        "    rgw: 2 daemons active (2 hosts, 1 zones)",
        " ",
        "  data:",
        "    volumes: 1/1 healthy",
        "    pools:   11 pools, 498 pgs",
        "    objects: 288 objects, 33 MiB",
        "    usage:   231 MiB used, 3.9 TiB / 3.9 TiB avail",
        "    pgs:     6.225% pgs unknown",
        "             0.201% pgs not active",
        "             466 active+clean",
        "             31  unknown",
        "             1   creating+peering",
        " "
    ]
}

PLAY RECAP *********************************************************************
ceph01                     : ok=28   changed=8    unreachable=0    failed=0    skipped=0    rescued=0    ignored=0   
ceph02                     : ok=1    changed=1    unreachable=0    failed=0    skipped=6    rescued=0    ignored=0   
ceph03                     : ok=1    changed=1    unreachable=0    failed=0    skipped=6    rescued=0    ignored=0   
ceph04                     : ok=1    changed=1    unreachable=0    failed=0    skipped=6    rescued=0    ignored=0   
localhost                  : ok=37   changed=0    unreachable=0    failed=0    skipped=13   rescued=0    ignored=0   

BUILD EXIT CODE: 0
DONE Fri Jun 19 20:17:03 +03 2026
